<?xml version="1.0" encoding="UTF-8"?>
<!-- Generated by org.testng.reporters.JUnitReportReporter -->
<testsuite skipped="0" hostname="Timothy" name="data.NewAccountEXCEL" tests="5" failures="0" timestamp="12 Jul 2018 00:59:17 GMT" time="0.024" errors="0">
  <testcase name="loginTest" time="0.006" classname="data.NewAccountEXCEL"/>
  <testcase name="loginTest" time="0.003" classname="data.NewAccountEXCEL"/>
  <testcase name="loginTest" time="0.002" classname="data.NewAccountEXCEL"/>
  <testcase name="loginTest" time="0.008" classname="data.NewAccountEXCEL"/>
  <testcase name="loginTest" time="0.005" classname="data.NewAccountEXCEL"/>
</testsuite> <!-- data.NewAccountEXCEL -->
