<?xml version="1.0" encoding="UTF-8"?>
<!-- Generated by org.testng.reporters.JUnitReportReporter -->
<testsuite skipped="0" hostname="Timothy" name="testframeworks.TestNGParameterization" tests="5" failures="0" timestamp="10 Jul 2018 00:12:57 GMT" time="0.013" errors="0">
  <testcase name="usernameTest" time="0.005" classname="testframeworks.TestNGParameterization"/>
  <testcase name="generticTest" time="0.002" classname="testframeworks.TestNGParameterization"/>
  <testcase name="usernameTest" time="0.001" classname="testframeworks.TestNGParameterization"/>
  <testcase name="usernameTest" time="0.003" classname="testframeworks.TestNGParameterization"/>
  <testcase name="generticTest" time="0.002" classname="testframeworks.TestNGParameterization"/>
</testsuite> <!-- testframeworks.TestNGParameterization -->
