<?xml version="1.0" encoding="UTF-8"?>
<!-- Generated by org.testng.reporters.JUnitReportReporter -->
<testsuite skipped="0" hostname="Timothy" name="advanced.AccountManagement" tests="3" failures="0" timestamp="10 Jul 2018 01:33:15 GMT" time="23.382" errors="0">
  <testcase name="loginTest" time="7.399" classname="advanced.AccountManagement"/>
  <testcase name="loginTest" time="7.940" classname="advanced.AccountManagement"/>
  <testcase name="loginTest" time="8.043" classname="advanced.AccountManagement"/>
</testsuite> <!-- advanced.AccountManagement -->
